Using pre-set license
Built from '2021.3/staging' branch; Version is '2021.3.3f1 (af2e63e8f9bd) revision 11480675'; Using compiler version '192829333'; Build Type 'Release'
OS: 'Windows 10  (10.0.19044) 64bit Professional' Language: 'ru' Physical Memory: 8029 MB
BatchMode: 1, IsHumanControllingUs: 0, StartBugReporterOnCrash: 0, Is64bit: 1, IsPro: 1

COMMAND LINE ARGUMENTS:
C:\Program Files\Unity\Hub\Editor\2021.3.3f1\Editor\Unity.exe
-adb2
-batchMode
-noUpm
-name
AssetImportWorker0
-projectPath
C:/Users/user/Documents/GitHub/Rubiks Cube/rc
-logFile
Logs/AssetImportWorker0.log
-srvPort
60883
Successfully changed project path to: C:/Users/user/Documents/GitHub/Rubiks Cube/rc
C:/Users/user/Documents/GitHub/Rubiks Cube/rc
[UnityMemory] Configuration Parameters - Can be set up in boot.config
    "memorysetup-bucket-allocator-granularity=16"
    "memorysetup-bucket-allocator-bucket-count=8"
    "memorysetup-bucket-allocator-block-size=33554432"
    "memorysetup-bucket-allocator-block-count=8"
    "memorysetup-main-allocator-block-size=16777216"
    "memorysetup-thread-allocator-block-size=16777216"
    "memorysetup-gfx-main-allocator-block-size=16777216"
    "memorysetup-gfx-thread-allocator-block-size=16777216"
    "memorysetup-cache-allocator-block-size=4194304"
    "memorysetup-typetree-allocator-block-size=2097152"
    "memorysetup-profiler-bucket-allocator-granularity=16"
    "memorysetup-profiler-bucket-allocator-bucket-count=8"
    "memorysetup-profiler-bucket-allocator-block-size=33554432"
    "memorysetup-profiler-bucket-allocator-block-count=8"
    "memorysetup-profiler-allocator-block-size=16777216"
    "memorysetup-profiler-editor-allocator-block-size=1048576"
    "memorysetup-temp-allocator-size-main=16777216"
    "memorysetup-job-temp-allocator-block-size=2097152"
    "memorysetup-job-temp-allocator-block-size-background=1048576"
    "memorysetup-job-temp-allocator-reduction-small-platforms=262144"
    "memorysetup-temp-allocator-size-background-worker=32768"
    "memorysetup-temp-allocator-size-job-worker=262144"
    "memorysetup-temp-allocator-size-preload-manager=33554432"
    "memorysetup-temp-allocator-size-nav-mesh-worker=65536"
    "memorysetup-temp-allocator-size-audio-worker=65536"
    "memorysetup-temp-allocator-size-cloud-worker=32768"
    "memorysetup-temp-allocator-size-gi-baking-worker=262144"
    "memorysetup-temp-allocator-size-gfx=262144"
Refreshing native plugins compatible for Editor in 111.87 ms, found 3 plugins.
Preloading 0 native plugins for Editor in 0.00 ms.
Initialize engine version: 2021.3.3f1 (af2e63e8f9bd)
[Subsystems] Discovering subsystems at path C:/Program Files/Unity/Hub/Editor/2021.3.3f1/Editor/Data/Resources/UnitySubsystems
[Subsystems] Discovering subsystems at path C:/Users/user/Documents/GitHub/Rubiks Cube/rc/Assets
GfxDevice: creating device client; threaded=0; jobified=0
Direct3D:
    Version:  Direct3D 11.0 [level 11.1]
    Renderer: NVIDIA GeForce GTX 1650 Ti (ID=0x1f95)
    Vendor:   NVIDIA
    VRAM:     3962 MB
    Driver:   31.0.15.1691
Initialize mono
Mono path[0] = 'C:/Program Files/Unity/Hub/Editor/2021.3.3f1/Editor/Data/Managed'
Mono path[1] = 'C:/Program Files/Unity/Hub/Editor/2021.3.3f1/Editor/Data/MonoBleedingEdge/lib/mono/unityjit-win32'
Mono config path = 'C:/Program Files/Unity/Hub/Editor/2021.3.3f1/Editor/Data/MonoBleedingEdge/etc'
Using monoOptions --debugger-agent=transport=dt_socket,embedding=1,server=y,suspend=n,address=127.0.0.1:56436
Begin MonoManager ReloadAssembly
Registering precompiled unity dll's ...
Register platform support module: C:/Program Files/Unity/Hub/Editor/2021.3.3f1/Editor/Data/PlaybackEngines/WebGLSupport/UnityEditor.WebGL.Extensions.dll
Register platform support module: C:/Program Files/Unity/Hub/Editor/2021.3.3f1/Editor/Data/PlaybackEngines/AndroidPlayer/UnityEditor.Android.Extensions.dll
Register platform support module: C:/Program Files/Unity/Hub/Editor/2021.3.3f1/Editor/Data/PlaybackEngines/WindowsStandaloneSupport/UnityEditor.WindowsStandalone.Extensions.dll
Registered in 0.005315 seconds.
Native extension for WindowsStandalone target not found
Native extension for Android target not found
Native extension for WebGL target not found
Refreshing native plugins compatible for Editor in 98.59 ms, found 3 plugins.
Preloading 0 native plugins for Editor in 0.00 ms.
Mono: successfully reloaded assembly
- Completed reload, in  0.718 seconds
Domain Reload Profiling:
	ReloadAssembly (719ms)
		BeginReloadAssembly (74ms)
			ExecutionOrderSort (0ms)
			DisableScriptedObjects (0ms)
			BackupInstance (0ms)
			ReleaseScriptingObjects (0ms)
			CreateAndSetChildDomain (1ms)
		EndReloadAssembly (543ms)
			LoadAssemblies (73ms)
			RebuildTransferFunctionScriptingTraits (0ms)
			SetupTypeCache (123ms)
			ReleaseScriptCaches (0ms)
			RebuildScriptCaches (38ms)
			SetupLoadedEditorAssemblies (323ms)
				LogAssemblyErrors (0ms)
				InitializePlatformSupportModulesInManaged (62ms)
				SetLoadedEditorAssemblies (0ms)
				RefreshPlugins (99ms)
				BeforeProcessingInitializeOnLoad (1ms)
				ProcessInitializeOnLoadAttributes (114ms)
				ProcessInitializeOnLoadMethodAttributes (47ms)
				AfterProcessingInitializeOnLoad (0ms)
				EditorAssembliesLoaded (0ms)
			ExecutionOrderSort2 (0ms)
			AwakeInstancesAfterBackupRestoration (0ms)
Platform modules already initialized, skipping
Registering precompiled user dll's ...
Registered in 0.004358 seconds.
Unauthorized device detected, Id: R58N61RHWJT, please add debug authorization and reconnect.
Unauthorized device detected, Id: R58N61RHWJT, please add debug authorization and reconnect.
Begin MonoManager ReloadAssembly
Symbol file LoadedFromMemory doesn't match image C:\Users\user\Documents\GitHub\Rubiks Cube\rc\Library\PackageCache\com.unity.visualscripting@1.7.6\Editor\VisualScripting.Core\Dependencies\YamlDotNet\Unity.VisualScripting.YamlDotNet.dll
Symbol file LoadedFromMemory doesn't match image C:\Users\user\Documents\GitHub\Rubiks Cube\rc\Library\PackageCache\com.unity.visualscripting@1.7.6\Editor\VisualScripting.Core\Dependencies\DotNetZip\Unity.VisualScripting.IonicZip.dll
Native extension for WindowsStandalone target not found
Native extension for Android target not found
Native extension for WebGL target not found
Refreshing native plugins compatible for Editor in 1.61 ms, found 3 plugins.
Preloading 0 native plugins for Editor in 0.00 ms.
Package Manager log level set to [2]
Mono: successfully reloaded assembly
- Completed reload, in  1.372 seconds
Domain Reload Profiling:
	ReloadAssembly (1373ms)
		BeginReloadAssembly (237ms)
			ExecutionOrderSort (0ms)
			DisableScriptedObjects (6ms)
			BackupInstance (0ms)
			ReleaseScriptingObjects (0ms)
			CreateAndSetChildDomain (136ms)
		EndReloadAssembly (1047ms)
			LoadAssemblies (89ms)
			RebuildTransferFunctionScriptingTraits (0ms)
			SetupTypeCache (269ms)
			ReleaseScriptCaches (1ms)
			RebuildScriptCaches (57ms)
			SetupLoadedEditorAssemblies (591ms)
				LogAssemblyErrors (0ms)
				InitializePlatformSupportModulesInManaged (26ms)
				SetLoadedEditorAssemblies (1ms)
				RefreshPlugins (2ms)
				BeforeProcessingInitializeOnLoad (114ms)
				ProcessInitializeOnLoadAttributes (303ms)
				ProcessInitializeOnLoadMethodAttributes (140ms)
				AfterProcessingInitializeOnLoad (5ms)
				EditorAssembliesLoaded (0ms)
			ExecutionOrderSort2 (0ms)
			AwakeInstancesAfterBackupRestoration (5ms)
Platform modules already initialized, skipping
========================================================================
Worker process is ready to serve import requests
Launched and connected shader compiler UnityShaderCompiler.exe after 0.06 seconds
Refreshing native plugins compatible for Editor in 0.78 ms, found 3 plugins.
Preloading 0 native plugins for Editor in 0.00 ms.
Unloading 3895 Unused Serialized files (Serialized files now loaded: 0)
Unloading 53 unused Assets / (55.9 KB). Loaded Objects now: 4342.
Memory consumption went from 133.5 MB to 133.5 MB.
Total: 5.785000 ms (FindLiveObjects: 0.366300 ms CreateObjectMapping: 0.303500 ms MarkObjects: 5.033800 ms  DeleteObjects: 0.080500 ms)

AssetImportParameters requested are different than current active one (requested -> active):
  custom:video-decoder-ogg-theora: a1e56fd34408186e4bbccfd4996cb3dc -> 
  custom:container-muxer-webm: aa71ff27fc2769a1b78a27578f13a17b -> 
  custom:container-demuxer-webm: 4f35f7cbe854078d1ac9338744f61a02 -> 
  custom:video-encoder-webm-vp8: eb34c28f22e8b96e1ab97ce403110664 -> 
  custom:audio-encoder-webm-vorbis: bf7c407c2cedff20999df2af8eb42d56 -> 
  custom:framework-win-MediaFoundation: 216162199b28c13a410421893ffa2e32 -> 
  custom:container-demuxer-ogg: 62fdf1f143b41e24485cea50d1cbac27 -> 
  custom:video-decoder-webm-vp8: 9c59270c3fd7afecdb556c50c9e8de78 -> 
  custom:audio-decoder-ogg-vorbis: bf7c407c2cedff20999df2af8eb42d56 -> 
========================================================================
Received Import Request.
  Time since last request: 17551.410438 seconds.
  path: Assets/Prefabs/UI/Particle System.prefab
  artifactKey: Guid(a368ff6ad68366b44b00ba8cf4daf9d8) Importer(815301076,1909f56bfc062723c751e8b465ee728b)
Start importing Assets/Prefabs/UI/Particle System.prefab using Guid(a368ff6ad68366b44b00ba8cf4daf9d8) Importer(815301076,1909f56bfc062723c751e8b465ee728b)  -> (artifact id: '882bbee06c491ec5231526fcb7d14069') in 0.126664 seconds 
========================================================================
Received Prepare
Registering precompiled user dll's ...
Registered in 0.003789 seconds.
Begin MonoManager ReloadAssembly
Symbol file LoadedFromMemory doesn't match image C:\Users\user\Documents\GitHub\Rubiks Cube\rc\Library\PackageCache\com.unity.visualscripting@1.7.6\Editor\VisualScripting.Core\Dependencies\YamlDotNet\Unity.VisualScripting.YamlDotNet.dll
Symbol file LoadedFromMemory doesn't match image C:\Users\user\Documents\GitHub\Rubiks Cube\rc\Library\PackageCache\com.unity.visualscripting@1.7.6\Editor\VisualScripting.Core\Dependencies\DotNetZip\Unity.VisualScripting.IonicZip.dll
Native extension for WindowsStandalone target not found
Native extension for Android target not found
Native extension for WebGL target not found
Refreshing native plugins compatible for Editor in 1.15 ms, found 3 plugins.
Preloading 0 native plugins for Editor in 0.00 ms.
Mono: successfully reloaded assembly
- Completed reload, in  1.503 seconds
Domain Reload Profiling:
	ReloadAssembly (1504ms)
		BeginReloadAssembly (144ms)
			ExecutionOrderSort (0ms)
			DisableScriptedObjects (6ms)
			BackupInstance (0ms)
			ReleaseScriptingObjects (0ms)
			CreateAndSetChildDomain (52ms)
		EndReloadAssembly (1266ms)
			LoadAssemblies (89ms)
			RebuildTransferFunctionScriptingTraits (0ms)
			SetupTypeCache (325ms)
			ReleaseScriptCaches (3ms)
			RebuildScriptCaches (92ms)
			SetupLoadedEditorAssemblies (671ms)
				LogAssemblyErrors (0ms)
				InitializePlatformSupportModulesInManaged (31ms)
				SetLoadedEditorAssemblies (1ms)
				RefreshPlugins (1ms)
				BeforeProcessingInitializeOnLoad (132ms)
				ProcessInitializeOnLoadAttributes (298ms)
				ProcessInitializeOnLoadMethodAttributes (201ms)
				AfterProcessingInitializeOnLoad (6ms)
				EditorAssembliesLoaded (0ms)
			ExecutionOrderSort2 (0ms)
			AwakeInstancesAfterBackupRestoration (8ms)
Platform modules already initialized, skipping
Refreshing native plugins compatible for Editor in 5.72 ms, found 3 plugins.
Preloading 0 native plugins for Editor in 0.00 ms.
Unloading 3876 Unused Serialized files (Serialized files now loaded: 0)
Unloading 43 unused Assets / (25.4 KB). Loaded Objects now: 4351.
Memory consumption went from 136.3 MB to 136.2 MB.
Total: 8.042100 ms (FindLiveObjects: 0.293500 ms CreateObjectMapping: 0.236500 ms MarkObjects: 7.469500 ms  DeleteObjects: 0.041300 ms)

AssetImportParameters requested are different than current active one (requested -> active):
  custom:video-decoder-ogg-theora: a1e56fd34408186e4bbccfd4996cb3dc -> 
  custom:container-muxer-webm: aa71ff27fc2769a1b78a27578f13a17b -> 
  custom:container-demuxer-webm: 4f35f7cbe854078d1ac9338744f61a02 -> 
  custom:video-encoder-webm-vp8: eb34c28f22e8b96e1ab97ce403110664 -> 
  custom:audio-encoder-webm-vorbis: bf7c407c2cedff20999df2af8eb42d56 -> 
  custom:framework-win-MediaFoundation: 216162199b28c13a410421893ffa2e32 -> 
  custom:container-demuxer-ogg: 62fdf1f143b41e24485cea50d1cbac27 -> 
  custom:video-decoder-webm-vp8: 9c59270c3fd7afecdb556c50c9e8de78 -> 
  custom:audio-decoder-ogg-vorbis: bf7c407c2cedff20999df2af8eb42d56 -> 
========================================================================
Received Prepare
Registering precompiled user dll's ...
Registered in 0.003678 seconds.
Begin MonoManager ReloadAssembly
Symbol file LoadedFromMemory doesn't match image C:\Users\user\Documents\GitHub\Rubiks Cube\rc\Library\PackageCache\com.unity.visualscripting@1.7.6\Editor\VisualScripting.Core\Dependencies\YamlDotNet\Unity.VisualScripting.YamlDotNet.dll
Symbol file LoadedFromMemory doesn't match image C:\Users\user\Documents\GitHub\Rubiks Cube\rc\Library\PackageCache\com.unity.visualscripting@1.7.6\Editor\VisualScripting.Core\Dependencies\DotNetZip\Unity.VisualScripting.IonicZip.dll
Native extension for WindowsStandalone target not found
Native extension for Android target not found
Native extension for WebGL target not found
Refreshing native plugins compatible for Editor in 1.16 ms, found 3 plugins.
Preloading 0 native plugins for Editor in 0.00 ms.
Mono: successfully reloaded assembly
- Completed reload, in  1.433 seconds
Domain Reload Profiling:
	ReloadAssembly (1434ms)
		BeginReloadAssembly (141ms)
			ExecutionOrderSort (0ms)
			DisableScriptedObjects (8ms)
			BackupInstance (0ms)
			ReleaseScriptingObjects (0ms)
			CreateAndSetChildDomain (44ms)
		EndReloadAssembly (1184ms)
			LoadAssemblies (95ms)
			RebuildTransferFunctionScriptingTraits (0ms)
			SetupTypeCache (308ms)
			ReleaseScriptCaches (3ms)
			RebuildScriptCaches (88ms)
			SetupLoadedEditorAssemblies (607ms)
				LogAssemblyErrors (0ms)
				InitializePlatformSupportModulesInManaged (34ms)
				SetLoadedEditorAssemblies (1ms)
				RefreshPlugins (1ms)
				BeforeProcessingInitializeOnLoad (119ms)
				ProcessInitializeOnLoadAttributes (272ms)
				ProcessInitializeOnLoadMethodAttributes (175ms)
				AfterProcessingInitializeOnLoad (5ms)
				EditorAssembliesLoaded (0ms)
			ExecutionOrderSort2 (0ms)
			AwakeInstancesAfterBackupRestoration (7ms)
Platform modules already initialized, skipping
Refreshing native plugins compatible for Editor in 4.40 ms, found 3 plugins.
Preloading 0 native plugins for Editor in 0.00 ms.
Unloading 3876 Unused Serialized files (Serialized files now loaded: 0)
Unloading 42 unused Assets / (24.7 KB). Loaded Objects now: 4354.
Memory consumption went from 136.3 MB to 136.3 MB.
Total: 7.431300 ms (FindLiveObjects: 0.286200 ms CreateObjectMapping: 0.179100 ms MarkObjects: 6.904000 ms  DeleteObjects: 0.060700 ms)

AssetImportParameters requested are different than current active one (requested -> active):
  custom:video-decoder-ogg-theora: a1e56fd34408186e4bbccfd4996cb3dc -> 
  custom:container-muxer-webm: aa71ff27fc2769a1b78a27578f13a17b -> 
  custom:container-demuxer-webm: 4f35f7cbe854078d1ac9338744f61a02 -> 
  custom:video-encoder-webm-vp8: eb34c28f22e8b96e1ab97ce403110664 -> 
  custom:audio-encoder-webm-vorbis: bf7c407c2cedff20999df2af8eb42d56 -> 
  custom:framework-win-MediaFoundation: 216162199b28c13a410421893ffa2e32 -> 
  custom:container-demuxer-ogg: 62fdf1f143b41e24485cea50d1cbac27 -> 
  custom:video-decoder-webm-vp8: 9c59270c3fd7afecdb556c50c9e8de78 -> 
  custom:audio-decoder-ogg-vorbis: bf7c407c2cedff20999df2af8eb42d56 -> 
========================================================================
Received Prepare
Registering precompiled user dll's ...
Registered in 0.003672 seconds.
Begin MonoManager ReloadAssembly
Symbol file LoadedFromMemory doesn't match image C:\Users\user\Documents\GitHub\Rubiks Cube\rc\Library\PackageCache\com.unity.visualscripting@1.7.6\Editor\VisualScripting.Core\Dependencies\YamlDotNet\Unity.VisualScripting.YamlDotNet.dll
Symbol file LoadedFromMemory doesn't match image C:\Users\user\Documents\GitHub\Rubiks Cube\rc\Library\PackageCache\com.unity.visualscripting@1.7.6\Editor\VisualScripting.Core\Dependencies\DotNetZip\Unity.VisualScripting.IonicZip.dll
Native extension for WindowsStandalone target not found
Native extension for Android target not found
Native extension for WebGL target not found
Refreshing native plugins compatible for Editor in 0.86 ms, found 3 plugins.
Preloading 0 native plugins for Editor in 0.00 ms.
Mono: successfully reloaded assembly
- Completed reload, in  1.169 seconds
Domain Reload Profiling:
	ReloadAssembly (1170ms)
		BeginReloadAssembly (147ms)
			ExecutionOrderSort (0ms)
			DisableScriptedObjects (7ms)
			BackupInstance (0ms)
			ReleaseScriptingObjects (0ms)
			CreateAndSetChildDomain (43ms)
		EndReloadAssembly (931ms)
			LoadAssemblies (95ms)
			RebuildTransferFunctionScriptingTraits (0ms)
			SetupTypeCache (269ms)
			ReleaseScriptCaches (2ms)
			RebuildScriptCaches (62ms)
			SetupLoadedEditorAssemblies (477ms)
				LogAssemblyErrors (0ms)
				InitializePlatformSupportModulesInManaged (22ms)
				SetLoadedEditorAssemblies (1ms)
				RefreshPlugins (1ms)
				BeforeProcessingInitializeOnLoad (107ms)
				ProcessInitializeOnLoadAttributes (207ms)
				ProcessInitializeOnLoadMethodAttributes (135ms)
				AfterProcessingInitializeOnLoad (4ms)
				EditorAssembliesLoaded (0ms)
			ExecutionOrderSort2 (0ms)
			AwakeInstancesAfterBackupRestoration (5ms)
Platform modules already initialized, skipping
Refreshing native plugins compatible for Editor in 3.95 ms, found 3 plugins.
Preloading 0 native plugins for Editor in 0.00 ms.
Unloading 3876 Unused Serialized files (Serialized files now loaded: 0)
Unloading 42 unused Assets / (24.7 KB). Loaded Objects now: 4357.
Memory consumption went from 136.3 MB to 136.3 MB.
Total: 5.502700 ms (FindLiveObjects: 0.307300 ms CreateObjectMapping: 0.254300 ms MarkObjects: 4.911500 ms  DeleteObjects: 0.028200 ms)

AssetImportParameters requested are different than current active one (requested -> active):
  custom:video-decoder-ogg-theora: a1e56fd34408186e4bbccfd4996cb3dc -> 
  custom:container-muxer-webm: aa71ff27fc2769a1b78a27578f13a17b -> 
  custom:container-demuxer-webm: 4f35f7cbe854078d1ac9338744f61a02 -> 
  custom:video-encoder-webm-vp8: eb34c28f22e8b96e1ab97ce403110664 -> 
  custom:audio-encoder-webm-vorbis: bf7c407c2cedff20999df2af8eb42d56 -> 
  custom:framework-win-MediaFoundation: 216162199b28c13a410421893ffa2e32 -> 
  custom:container-demuxer-ogg: 62fdf1f143b41e24485cea50d1cbac27 -> 
  custom:video-decoder-webm-vp8: 9c59270c3fd7afecdb556c50c9e8de78 -> 
  custom:audio-decoder-ogg-vorbis: bf7c407c2cedff20999df2af8eb42d56 -> 
========================================================================
Received Prepare
Refreshing native plugins compatible for Editor in 9.36 ms, found 3 plugins.
Preloading 0 native plugins for Editor in 0.00 ms.
Unloading 42 Unused Serialized files (Serialized files now loaded: 0)
Unloading 42 unused Assets / (22.0 KB). Loaded Objects now: 4357.
Memory consumption went from 59.7 MB to 59.7 MB.
Total: 6.001600 ms (FindLiveObjects: 0.375400 ms CreateObjectMapping: 0.361500 ms MarkObjects: 5.227100 ms  DeleteObjects: 0.036700 ms)

AssetImportParameters requested are different than current active one (requested -> active):
  custom:video-decoder-ogg-theora: a1e56fd34408186e4bbccfd4996cb3dc -> 
  custom:container-muxer-webm: aa71ff27fc2769a1b78a27578f13a17b -> 
  custom:container-demuxer-webm: 4f35f7cbe854078d1ac9338744f61a02 -> 
  custom:video-encoder-webm-vp8: eb34c28f22e8b96e1ab97ce403110664 -> 
  custom:audio-encoder-webm-vorbis: bf7c407c2cedff20999df2af8eb42d56 -> 
  custom:framework-win-MediaFoundation: 216162199b28c13a410421893ffa2e32 -> 
  custom:container-demuxer-ogg: 62fdf1f143b41e24485cea50d1cbac27 -> 
  custom:video-decoder-webm-vp8: 9c59270c3fd7afecdb556c50c9e8de78 -> 
  custom:audio-decoder-ogg-vorbis: bf7c407c2cedff20999df2af8eb42d56 -> 
========================================================================
Received Import Request.
  Time since last request: 380.485642 seconds.
  path: Assets/Prefabs/UI/InfoScene/InfoScene.prefab
  artifactKey: Guid(17f1be6062420fe4e9bbe19e981e6223) Importer(815301076,1909f56bfc062723c751e8b465ee728b)
Start importing Assets/Prefabs/UI/InfoScene/InfoScene.prefab using Guid(17f1be6062420fe4e9bbe19e981e6223) Importer(815301076,1909f56bfc062723c751e8b465ee728b)  -> (artifact id: 'a89fb8c4b94d793325bfeafb5e200f03') in 0.100717 seconds 
========================================================================
Received Import Request.
  Time since last request: 6.716452 seconds.
  path: Assets/Prefabs/UI/InfoScene/InfoScene.prefab
  artifactKey: Guid(17f1be6062420fe4e9bbe19e981e6223) Importer(815301076,1909f56bfc062723c751e8b465ee728b)
Start importing Assets/Prefabs/UI/InfoScene/InfoScene.prefab using Guid(17f1be6062420fe4e9bbe19e981e6223) Importer(815301076,1909f56bfc062723c751e8b465ee728b)  -> (artifact id: 'ad69b0d889fa003e78b2225834ee11ad') in 0.011693 seconds 
========================================================================
Received Import Request.
  Time since last request: 6.402813 seconds.
  path: Assets/Prefabs/UI/InfoScene/InfoScene.prefab
  artifactKey: Guid(17f1be6062420fe4e9bbe19e981e6223) Importer(815301076,1909f56bfc062723c751e8b465ee728b)
Start importing Assets/Prefabs/UI/InfoScene/InfoScene.prefab using Guid(17f1be6062420fe4e9bbe19e981e6223) Importer(815301076,1909f56bfc062723c751e8b465ee728b)  -> (artifact id: '4ddf1fb18110e22e5ed6efc8973d31fd') in 0.010057 seconds 
========================================================================
Received Import Request.
  Time since last request: 4.624151 seconds.
  path: Assets/Prefabs/UI/InfoScene/InfoScene.prefab
  artifactKey: Guid(17f1be6062420fe4e9bbe19e981e6223) Importer(815301076,1909f56bfc062723c751e8b465ee728b)
Start importing Assets/Prefabs/UI/InfoScene/InfoScene.prefab using Guid(17f1be6062420fe4e9bbe19e981e6223) Importer(815301076,1909f56bfc062723c751e8b465ee728b)  -> (artifact id: 'b20a758ebbc00427303442a23ad4e4ce') in 0.010192 seconds 
========================================================================
Received Import Request.
  Time since last request: 3.010246 seconds.
  path: Assets/Prefabs/UI/InfoScene/InfoScene.prefab
  artifactKey: Guid(17f1be6062420fe4e9bbe19e981e6223) Importer(815301076,1909f56bfc062723c751e8b465ee728b)
Start importing Assets/Prefabs/UI/InfoScene/InfoScene.prefab using Guid(17f1be6062420fe4e9bbe19e981e6223) Importer(815301076,1909f56bfc062723c751e8b465ee728b)  -> (artifact id: '4a6004ac10913975b2f9997952511557') in 0.008573 seconds 
========================================================================
Received Import Request.
  Time since last request: 1.398207 seconds.
  path: Assets/Prefabs/UI/InfoScene/InfoScene.prefab
  artifactKey: Guid(17f1be6062420fe4e9bbe19e981e6223) Importer(815301076,1909f56bfc062723c751e8b465ee728b)
Start importing Assets/Prefabs/UI/InfoScene/InfoScene.prefab using Guid(17f1be6062420fe4e9bbe19e981e6223) Importer(815301076,1909f56bfc062723c751e8b465ee728b)  -> (artifact id: '6429344e28091446e42af1b41580c027') in 0.008440 seconds 
========================================================================
Received Import Request.
  Time since last request: 0.795064 seconds.
  path: Assets/Prefabs/UI/InfoScene/InfoScene.prefab
  artifactKey: Guid(17f1be6062420fe4e9bbe19e981e6223) Importer(815301076,1909f56bfc062723c751e8b465ee728b)
Start importing Assets/Prefabs/UI/InfoScene/InfoScene.prefab using Guid(17f1be6062420fe4e9bbe19e981e6223) Importer(815301076,1909f56bfc062723c751e8b465ee728b)  -> (artifact id: 'eb4490866ffb6ee382eb5fd5c7a087af') in 0.008862 seconds 
========================================================================
Received Import Request.
  Time since last request: 3.106341 seconds.
  path: Assets/Prefabs/UI/InfoScene/InfoScene.prefab
  artifactKey: Guid(17f1be6062420fe4e9bbe19e981e6223) Importer(815301076,1909f56bfc062723c751e8b465ee728b)
Start importing Assets/Prefabs/UI/InfoScene/InfoScene.prefab using Guid(17f1be6062420fe4e9bbe19e981e6223) Importer(815301076,1909f56bfc062723c751e8b465ee728b)  -> (artifact id: 'ab349e6dc736ea4a78327ef9e325e322') in 0.008684 seconds 
========================================================================
Received Import Request.
  Time since last request: 4.357303 seconds.
  path: Assets/Prefabs/UI/InfoScene/InfoScene.prefab
  artifactKey: Guid(17f1be6062420fe4e9bbe19e981e6223) Importer(815301076,1909f56bfc062723c751e8b465ee728b)
Start importing Assets/Prefabs/UI/InfoScene/InfoScene.prefab using Guid(17f1be6062420fe4e9bbe19e981e6223) Importer(815301076,1909f56bfc062723c751e8b465ee728b)  -> (artifact id: 'bf8c2b04878f68cced814896b4a61998') in 0.009501 seconds 
========================================================================
Received Import Request.
  Time since last request: 1.007353 seconds.
  path: Assets/Prefabs/UI/InfoScene/InfoScene.prefab
  artifactKey: Guid(17f1be6062420fe4e9bbe19e981e6223) Importer(815301076,1909f56bfc062723c751e8b465ee728b)
Start importing Assets/Prefabs/UI/InfoScene/InfoScene.prefab using Guid(17f1be6062420fe4e9bbe19e981e6223) Importer(815301076,1909f56bfc062723c751e8b465ee728b)  -> (artifact id: '310f56d4be0a5680e767a61c1fb33a01') in 0.008793 seconds 
========================================================================
Received Import Request.
  Time since last request: 1.991752 seconds.
  path: Assets/Prefabs/UI/InfoScene/InfoScene.prefab
  artifactKey: Guid(17f1be6062420fe4e9bbe19e981e6223) Importer(815301076,1909f56bfc062723c751e8b465ee728b)
Start importing Assets/Prefabs/UI/InfoScene/InfoScene.prefab using Guid(17f1be6062420fe4e9bbe19e981e6223) Importer(815301076,1909f56bfc062723c751e8b465ee728b)  -> (artifact id: 'dc15c777fb6356783930964b264f058e') in 0.009291 seconds 
========================================================================
Received Import Request.
  Time since last request: 4.711037 seconds.
  path: Assets/Prefabs/UI/InfoScene/InfoScene.prefab
  artifactKey: Guid(17f1be6062420fe4e9bbe19e981e6223) Importer(815301076,1909f56bfc062723c751e8b465ee728b)
Start importing Assets/Prefabs/UI/InfoScene/InfoScene.prefab using Guid(17f1be6062420fe4e9bbe19e981e6223) Importer(815301076,1909f56bfc062723c751e8b465ee728b)  -> (artifact id: '3ee8a221cf0b4bcc4735f4cd93d0903f') in 0.008736 seconds 
========================================================================
Received Import Request.
  Time since last request: 2.044364 seconds.
  path: Assets/Prefabs/UI/InfoScene/InfoScene.prefab
  artifactKey: Guid(17f1be6062420fe4e9bbe19e981e6223) Importer(815301076,1909f56bfc062723c751e8b465ee728b)
Start importing Assets/Prefabs/UI/InfoScene/InfoScene.prefab using Guid(17f1be6062420fe4e9bbe19e981e6223) Importer(815301076,1909f56bfc062723c751e8b465ee728b)  -> (artifact id: '61701cadb30d8f5af3a9effa2d696953') in 0.009682 seconds 
========================================================================
Received Import Request.
  Time since last request: 5.481686 seconds.
  path: Assets/Prefabs/UI/InfoScene/InfoScene.prefab
  artifactKey: Guid(17f1be6062420fe4e9bbe19e981e6223) Importer(815301076,1909f56bfc062723c751e8b465ee728b)
Start importing Assets/Prefabs/UI/InfoScene/InfoScene.prefab using Guid(17f1be6062420fe4e9bbe19e981e6223) Importer(815301076,1909f56bfc062723c751e8b465ee728b)  -> (artifact id: '5b86dc17c63b58c87be9a4b3746b4629') in 0.010814 seconds 
========================================================================
Received Import Request.
  Time since last request: 55.637184 seconds.
  path: Assets/Materials/Белая сторона/20220308_184507.jpg
  artifactKey: Guid(c09f059d427dff044826122404060949) Importer(815301076,1909f56bfc062723c751e8b465ee728b)
Start importing Assets/Materials/Белая сторона/20220308_184507.jpg using Guid(c09f059d427dff044826122404060949) Importer(815301076,1909f56bfc062723c751e8b465ee728b)  -> (artifact id: '040df0332c5af1d0fb70152f4431e212') in 0.011111 seconds 
========================================================================
Received Import Request.
  Time since last request: 1.116679 seconds.
  path: Assets/Materials/Белая сторона/20220308_184426.jpg
  artifactKey: Guid(31fd3940d44f8f843a34ad55f34aa91f) Importer(815301076,1909f56bfc062723c751e8b465ee728b)
Start importing Assets/Materials/Белая сторона/20220308_184426.jpg using Guid(31fd3940d44f8f843a34ad55f34aa91f) Importer(815301076,1909f56bfc062723c751e8b465ee728b)  -> (artifact id: '1d1875409ed014f65a167d06f81a3146') in 0.007577 seconds 
========================================================================
Received Import Request.
  Time since last request: 1.754136 seconds.
  path: Assets/Materials/Белая сторона/20220308_201955.jpg
  artifactKey: Guid(238a7709083ae7446aecc08c30880e88) Importer(815301076,1909f56bfc062723c751e8b465ee728b)
Start importing Assets/Materials/Белая сторона/20220308_201955.jpg using Guid(238a7709083ae7446aecc08c30880e88) Importer(815301076,1909f56bfc062723c751e8b465ee728b)  -> (artifact id: '92c33121be97b53fbb272071dea1f3ed') in 0.006534 seconds 
========================================================================
Received Import Request.
  Time since last request: 3.923074 seconds.
  path: Assets/Materials/Белая сторона/20220308_201955.jpg
  artifactKey: Guid(238a7709083ae7446aecc08c30880e88) Importer(815301076,1909f56bfc062723c751e8b465ee728b)
Start importing Assets/Materials/Белая сторона/20220308_201955.jpg using Guid(238a7709083ae7446aecc08c30880e88) Importer(815301076,1909f56bfc062723c751e8b465ee728b)  -> (artifact id: '02deb8dcd3f52de5cdf48a5afe32324a') in 0.099543 seconds 
========================================================================
Received Import Request.
  Time since last request: 4.479521 seconds.
  path: Assets/Materials/Белая сторона/20220308_184507.jpg
  artifactKey: Guid(c09f059d427dff044826122404060949) Importer(815301076,1909f56bfc062723c751e8b465ee728b)
Start importing Assets/Materials/Белая сторона/20220308_184507.jpg using Guid(c09f059d427dff044826122404060949) Importer(815301076,1909f56bfc062723c751e8b465ee728b)  -> (artifact id: '31ffd3e179fb36469d6988ecbaa1cfea') in 0.042097 seconds 
========================================================================
Received Import Request.
  Time since last request: 3.937417 seconds.
  path: Assets/Materials/Белая сторона/20220308_184426.jpg
  artifactKey: Guid(31fd3940d44f8f843a34ad55f34aa91f) Importer(815301076,1909f56bfc062723c751e8b465ee728b)
Start importing Assets/Materials/Белая сторона/20220308_184426.jpg using Guid(31fd3940d44f8f843a34ad55f34aa91f) Importer(815301076,1909f56bfc062723c751e8b465ee728b)  -> (artifact id: 'bebd2f681798a0c8bbfc82ae1672f281') in 0.038389 seconds 
