#
# There is insufficient memory for the Java Runtime Environment to continue.
# Native memory allocation (malloc) failed to allocate 1048576 bytes for AllocateHeap
# Possible reasons:
#   The system is out of physical RAM or swap space
#   In 32 bit mode, the process size limit was hit
# Possible solutions:
#   Reduce memory load on the system
#   Increase physical memory or swap space
#   Check if swap backing store is full
#   Use 64 bit Java on a 64 bit OS
#   Decrease Java heap size (-Xmx/-Xms)
#   Decrease number of Java threads
#   Decrease Java thread stack sizes (-Xss)
#   Set larger code cache with -XX:ReservedCodeCacheSize=
# This output file may be truncated or incomplete.
#
#  Out of Memory Error (memory/allocation.inline.hpp:61), pid=14512, tid=0x0000000000003fbc
#
# JRE version:  (8.0) (build )
# Java VM: OpenJDK 64-Bit Server VM (25.71-b00 mixed mode windows-amd64 compressed oops)
# Failed to write core dump. Minidumps are not enabled by default on client versions of Windows
#

---------------  T H R E A D  ---------------

Current thread (0x0000000002442800):  JavaThread "Unknown thread" [_thread_in_vm, id=16316, stack(0x0000000002340000,0x0000000002440000)]

Stack: [0x0000000002340000,0x0000000002440000]
[error occurred during error reporting (printing stack bounds), id 0xc0000005]

Native frames: (J=compiled Java code, j=interpreted, Vv=VM code, C=native code)


---------------  P R O C E S S  ---------------

Java Threads: ( => current thread )

Other Threads:

=>0x0000000002442800 (exited) JavaThread "Unknown thread" [_thread_in_vm, id=16316, stack(0x0000000002340000,0x0000000002440000)]

VM state:not at safepoint (normal execution)

VM Mutex/Monitor currently owned by a thread: None

Heap:
 PSYoungGen      total 37888K, used 655K [0x00000000d6300000, 0x00000000d8d00000, 0x0000000100000000)
  eden space 32768K, 2% used [0x00000000d6300000,0x00000000d63a3d80,0x00000000d8300000)
  from space 5120K, 0% used [0x00000000d8800000,0x00000000d8800000,0x00000000d8d00000)
  to   space 5120K, 0% used [0x00000000d8300000,0x00000000d8300000,0x00000000d8800000)
 ParOldGen       total 86016K, used 0K [0x0000000082800000, 0x0000000087c00000, 0x00000000d6300000)
  object space 86016K, 0% used [0x0000000082800000,0x0000000082800000,0x0000000087c00000)
 Metaspace       used 784K, capacity 1156K, committed 1408K, reserved 1060864K
  class space    used 74K, capacity 384K, committed 384K, reserved 1048576K

Card table byte_map: [0x0000000011900000,0x0000000011cf0000] byte_map_base: 0x00000000114ec000

Marking Bits: (ParMarkBitMap*) 0x000000006df9be50
 Begin Bits: [0x0000000012790000, 0x00000000146f0000)
 End Bits:   [0x00000000146f0000, 0x0000000016650000)

Polling page: 0x0000000000500000

CodeCache: size=245760Kb used=328Kb max_used=328Kb free=245431Kb
 bounds [0x0000000002540000, 0x00000000027b0000, 0x0000000011540000]
 total_blobs=57 nmethods=0 adapters=38
 compilation: enabled

Compilation events (0 events):
No events

GC Heap History (0 events):
No events

Deoptimization events (0 events):
No events

Classes redefined (0 events):
No events

Internal exceptions (0 events):
No events

Events (10 events):
Event: 0.011 loading class java/lang/Short
Event: 0.011 loading class java/lang/Short done
Event: 0.011 loading class java/lang/Integer
Event: 0.011 loading class java/lang/Integer done
Event: 0.011 loading class java/lang/Long
Event: 0.011 loading class java/lang/Long done
Event: 0.012 loading class java/lang/NullPointerException
Event: 0.012 loading class java/lang/NullPointerException done
Event: 0.012 loading class java/lang/ArithmeticException
Event: 0.012 loading class java/lang/ArithmeticException done


Dynamic libraries:
0x00007ff7474b0000 - 0x00007ff7474e5000 	C:\Program Files\Unity\Hub\Editor\2021.3.3f1\Editor\Data\PlaybackEngines\AndroidPlayer\OpenJDK\bin\java.exe
0x00007ffb81c70000 - 0x00007ffb81e68000 	C:\WINDOWS\SYSTEM32\ntdll.dll
0x00007ffb7fcd0000 - 0x00007ffb7fd8f000 	C:\WINDOWS\System32\KERNEL32.DLL
0x00007ffb7f3f0000 - 0x00007ffb7f6e6000 	C:\WINDOWS\System32\KERNELBASE.dll
0x00007ffb81b10000 - 0x00007ffb81bbf000 	C:\WINDOWS\System32\ADVAPI32.dll
0x00007ffb80420000 - 0x00007ffb804be000 	C:\WINDOWS\System32\msvcrt.dll
0x00007ffb7fd90000 - 0x00007ffb7fe2c000 	C:\WINDOWS\System32\sechost.dll
0x00007ffb80640000 - 0x00007ffb80766000 	C:\WINDOWS\System32\RPCRT4.dll
0x00007ffb81840000 - 0x00007ffb819dd000 	C:\WINDOWS\System32\USER32.dll
0x00007ffb7fca0000 - 0x00007ffb7fcc2000 	C:\WINDOWS\System32\win32u.dll
0x00007ffb81810000 - 0x00007ffb8183c000 	C:\WINDOWS\System32\GDI32.dll
0x00007ffb7fa20000 - 0x00007ffb7fb35000 	C:\WINDOWS\System32\gdi32full.dll
0x00007ffb7f350000 - 0x00007ffb7f3ed000 	C:\WINDOWS\System32\msvcp_win.dll
0x00007ffb7f890000 - 0x00007ffb7f990000 	C:\WINDOWS\System32\ucrtbase.dll
0x00007ffb6c560000 - 0x00007ffb6c7fa000 	C:\WINDOWS\WinSxS\amd64_microsoft.windows.common-controls_6595b64144ccf1df_6.0.19041.1110_none_60b5254171f9507e\COMCTL32.dll
0x00007ffb817e0000 - 0x00007ffb81810000 	C:\WINDOWS\System32\IMM32.DLL
0x000000006e020000 - 0x000000006e0f2000 	C:\Program Files\Unity\Hub\Editor\2021.3.3f1\Editor\Data\PlaybackEngines\AndroidPlayer\OpenJDK\jre\bin\msvcr100.dll
0x000000006d7d0000 - 0x000000006e019000 	C:\Program Files\Unity\Hub\Editor\2021.3.3f1\Editor\Data\PlaybackEngines\AndroidPlayer\OpenJDK\jre\bin\server\jvm.dll
0x00007ffb80770000 - 0x00007ffb80778000 	C:\WINDOWS\System32\PSAPI.DLL
0x00007ffb63b80000 - 0x00007ffb63b89000 	C:\WINDOWS\SYSTEM32\WSOCK32.dll
0x00007ffb788a0000 - 0x00007ffb788aa000 	C:\WINDOWS\SYSTEM32\VERSION.dll
0x00007ffb6ae90000 - 0x00007ffb6aeb7000 	C:\WINDOWS\SYSTEM32\WINMM.dll
0x00007ffb81bc0000 - 0x00007ffb81c2b000 	C:\WINDOWS\System32\WS2_32.dll
0x00007ffb7ade0000 - 0x00007ffb7adef000 	C:\Program Files\Unity\Hub\Editor\2021.3.3f1\Editor\Data\PlaybackEngines\AndroidPlayer\OpenJDK\jre\bin\verify.dll
0x00007ffb6c050000 - 0x00007ffb6c079000 	C:\Program Files\Unity\Hub\Editor\2021.3.3f1\Editor\Data\PlaybackEngines\AndroidPlayer\OpenJDK\jre\bin\java.dll
0x00007ffb6c030000 - 0x00007ffb6c046000 	C:\Program Files\Unity\Hub\Editor\2021.3.3f1\Editor\Data\PlaybackEngines\AndroidPlayer\OpenJDK\jre\bin\zip.dll

VM Arguments:
jvm_args: -Dfile.encoding=UTF-8 
java_command: <unknown>
java_class_path (initial): .
Launcher Type: SUN_STANDARD

Environment Variables:
JAVA_TOOL_OPTIONS=-Dfile.encoding=UTF-8
PATH=C:\Program Files\Microsoft\jdk-11.0.16.101-hotspot\bin;C:\Program Files\Python310\Scripts\;C:\Program Files\Python310\;C:\Program Files (x86)\Common Files\Oracle\Java\javapath;C:\Windows\system32;C:\Windows;C:\Windows\System32\Wbem;C:\Windows\System32\WindowsPowerShell\v1.0\;C:\Windows\System32\OpenSSH\;C:\Program Files (x86)\NVIDIA Corporation\PhysX\Common;C:\Program Files\NVIDIA Corporation\NVIDIA NvDLISR;C:\Program Files\dotnet\;C:\Program Files (x86)\GtkSharp\2.12\bin;C:\WINDOWS\system32;C:\WINDOWS;C:\WINDOWS\System32\Wbem;C:\WINDOWS\System32\WindowsPowerShell\v1.0\;C:\WINDOWS\System32\OpenSSH\;C:\Program Files\Microsoft SQL Server\150\Tools\Binn\;C:\Program Files\Microsoft SQL Server\Client SDK\ODBC\170\Tools\Binn\;C:\Users\user\AppData\Local\Microsoft\WindowsApps;C:\Users\user\.dotnet\tools;C:\Program Files\JetBrains\PyCharm Community Edition 2021.3.2\bin;;C:\Users\user\AppData\Local\GitHubDesktop\bin;C:\Users\user\AppData\Local\Programs\Microsoft VS Code\bin;
USERNAME=user
OS=Windows_NT
PROCESSOR_IDENTIFIER=Intel64 Family 6 Model 165 Stepping 2, GenuineIntel



---------------  S Y S T E M  ---------------

OS: Windows 10.0 , 64 bit Build 19041 (10.0.19041.3031)

CPU:total 8 (initial active 8) (4 cores per cpu, 2 threads per core) family 6 model 165 stepping 2, cmov, cx8, fxsr, mmx, sse, sse2, sse3, ssse3, sse4.1, sse4.2, popcnt, avx, avx2, aes, clmul, erms, 3dnowpref, lzcnt, ht, tsc, tscinvbit, bmi1, bmi2, adx

Memory: 4k page, physical 8221700k(497876k free), swap 16610308k(5224k free)

vm_info: OpenJDK 64-Bit Server VM (25.71-b00) for windows-amd64 JRE (1.8.0-adoptopenjdk-_2018_05_19_00_59-b00), built on May 19 2018 01:02:12 by "jenkins" with MS VC++ 10.0 (VS2010)

time: Wed Jul 12 17:49:10 2023
elapsed time: 0 seconds (0d 0h 0m 0s)

